{"/Users/admin/Code/repos/useEpics/src/index.ts": {"path":"/Users/admin/Code/repos/useEpics/src/index.ts","statementMap":{"0":{"start":{"line":1,"column":0},"end":{"line":1,"column":72}},"1":{"start":{"line":2,"column":0},"end":{"line":2,"column":null}},"2":{"start":{"line":9,"column":0},"end":{"line":9,"column":72}},"3":{"start":{"line":10,"column":0},"end":{"line":10,"column":27}},"4":{"start":{"line":13,"column":0},"end":{"line":13,"column":53}},"5":{"start":{"line":13,"column":40},"end":{"line":13,"column":50}},"6":{"start":{"line":18,"column":4},"end":{"line":24,"column":null}},"7":{"start":{"line":19,"column":27},"end":{"line":19,"column":64}},"8":{"start":{"line":21,"column":8},"end":{"line":21,"column":null}},"9":{"start":{"line":23,"column":6},"end":{"line":23,"column":null}},"10":{"start":{"line":26,"column":4},"end":{"line":26,"column":null}},"11":{"start":{"line":27,"column":4},"end":{"line":27,"column":null}},"12":{"start":{"line":28,"column":4},"end":{"line":33,"column":null}},"13":{"start":{"line":30,"column":8},"end":{"line":30,"column":null}},"14":{"start":{"line":31,"column":8},"end":{"line":31,"column":null}},"15":{"start":{"line":35,"column":0},"end":{"line":35,"column":null}},"16":{"start":{"line":13,"column":13},"end":{"line":13,"column":28}},"17":{"start":{"line":82,"column":2},"end":{"line":82,"column":null}},"18":{"start":{"line":84,"column":18},"end":{"line":84,"column":57}},"19":{"start":{"line":85,"column":19},"end":{"line":85,"column":63}},"20":{"start":{"line":86,"column":8},"end":{"line":86,"column":9}},"21":{"start":{"line":86,"column":9},"end":{"line":86,"column":19}},"22":{"start":{"line":86,"column":21},"end":{"line":86,"column":75}},"23":{"start":{"line":89,"column":18},"end":{"line":93,"column":21}},"24":{"start":{"line":90,"column":4},"end":{"line":92,"column":null}},"25":{"start":{"line":91,"column":6},"end":{"line":91,"column":null}},"26":{"start":{"line":95,"column":8},"end":{"line":95,"column":9}},"27":{"start":{"line":95,"column":9},"end":{"line":95,"column":14}},"28":{"start":{"line":95,"column":16},"end":{"line":95,"column":61}},"29":{"start":{"line":97,"column":2},"end":{"line":117,"column":null}},"30":{"start":{"line":98,"column":4},"end":{"line":101,"column":null}},"31":{"start":{"line":102,"column":4},"end":{"line":102,"column":null}},"32":{"start":{"line":104,"column":19},"end":{"line":104,"column":71}},"33":{"start":{"line":106,"column":19},"end":{"line":111,"column":null}},"34":{"start":{"line":107,"column":6},"end":{"line":111,"column":null}},"35":{"start":{"line":114,"column":33},"end":{"line":114,"column":63}},"36":{"start":{"line":114,"column":49},"end":{"line":114,"column":63}},"37":{"start":{"line":116,"column":4},"end":{"line":116,"column":null}},"38":{"start":{"line":116,"column":17},"end":{"line":116,"column":null}},"39":{"start":{"line":116,"column":51},"end":{"line":116,"column":67}},"40":{"start":{"line":119,"column":48},"end":{"line":120,"column":null}},"41":{"start":{"line":123,"column":2},"end":{"line":141,"column":null}},"42":{"start":{"line":125,"column":6},"end":{"line":139,"column":null}},"43":{"start":{"line":127,"column":35},"end":{"line":134,"column":11}},"44":{"start":{"line":128,"column":27},"end":{"line":128,"column":62}},"45":{"start":{"line":129,"column":30},"end":{"line":129,"column":52}},"46":{"start":{"line":132,"column":12},"end":{"line":132,"column":null}},"47":{"start":{"line":133,"column":12},"end":{"line":133,"column":null}},"48":{"start":{"line":135,"column":10},"end":{"line":135,"column":null}},"49":{"start":{"line":135,"column":23},"end":{"line":135,"column":33}},"50":{"start":{"line":135,"column":38},"end":{"line":135,"column":null}},"51":{"start":{"line":136,"column":10},"end":{"line":136,"column":null}},"52":{"start":{"line":143,"column":2},"end":{"line":149,"column":null}},"53":{"start":{"line":145,"column":6},"end":{"line":145,"column":null}},"54":{"start":{"line":146,"column":6},"end":{"line":146,"column":null}},"55":{"start":{"line":147,"column":6},"end":{"line":147,"column":null}},"56":{"start":{"line":151,"column":2},"end":{"line":151,"column":null}},"57":{"start":{"line":79,"column":0},"end":{"line":79,"column":16}},"58":{"start":{"line":160,"column":13},"end":{"line":180,"column":null}},"59":{"start":{"line":160,"column":51},"end":{"line":160,"column":68}},"60":{"start":{"line":160,"column":73},"end":{"line":180,"column":null}},"61":{"start":{"line":163,"column":2},"end":{"line":180,"column":null}},"62":{"start":{"line":165,"column":6},"end":{"line":165,"column":null}},"63":{"start":{"line":165,"column":19},"end":{"line":165,"column":null}},"64":{"start":{"line":166,"column":14},"end":{"line":166,"column":18}},"65":{"start":{"line":167,"column":18},"end":{"line":167,"column":29}},"66":{"start":{"line":170,"column":8},"end":{"line":170,"column":null}},"67":{"start":{"line":172,"column":21},"end":{"line":172,"column":22}},"68":{"start":{"line":174,"column":12},"end":{"line":174,"column":null}},"69":{"start":{"line":178,"column":6},"end":{"line":178,"column":null}}},"fnMap":{"0":{"name":"(anonymous_7)","decl":{"start":{"line":13,"column":0},"end":{"line":13,"column":13}},"loc":{"start":{"line":13,"column":0},"end":{"line":35,"column":null}}},"1":{"name":"StateObservable","decl":{"start":{"line":17,"column":2},"end":{"line":17,"column":14}},"loc":{"start":{"line":17,"column":55},"end":{"line":34,"column":3}}},"2":{"name":"(anonymous_9)","decl":{"start":{"line":18,"column":10},"end":{"line":18,"column":20}},"loc":{"start":{"line":18,"column":20},"end":{"line":24,"column":5}}},"3":{"name":"(anonymous_10)","decl":{"start":{"line":28,"column":49},"end":{"line":28,"column":54}},"loc":{"start":{"line":28,"column":54},"end":{"line":33,"column":5}}},"4":{"name":"useEpics","decl":{"start":{"line":79,"column":16},"end":{"line":79,"column":24}},"loc":{"start":{"line":82,"column":26},"end":{"line":152,"column":1}}},"5":{"name":"(anonymous_12)","decl":{"start":{"line":89,"column":26},"end":{"line":89,"column":null}},"loc":{"start":{"line":89,"column":26},"end":{"line":93,"column":3}}},"6":{"name":"(anonymous_13)","decl":{"start":{"line":90,"column":28},"end":{"line":90,"column":29}},"loc":{"start":{"line":90,"column":61},"end":{"line":91,"column":19}}},"7":{"name":"(anonymous_14)","decl":{"start":{"line":97,"column":12},"end":{"line":97,"column":null}},"loc":{"start":{"line":97,"column":12},"end":{"line":117,"column":3}}},"8":{"name":"(anonymous_15)","decl":{"start":{"line":106,"column":29},"end":{"line":106,"column":33}},"loc":{"start":{"line":106,"column":33},"end":{"line":107,"column":10}}},"9":{"name":"(anonymous_16)","decl":{"start":{"line":114,"column":44},"end":{"line":114,"column":45}},"loc":{"start":{"line":114,"column":45},"end":{"line":114,"column":50}}},"10":{"name":"(anonymous_17)","decl":{"start":{"line":116,"column":11},"end":{"line":116,"column":17}},"loc":{"start":{"line":116,"column":11},"end":{"line":116,"column":37}}},"11":{"name":"(anonymous_18)","decl":{"start":{"line":116,"column":46},"end":{"line":116,"column":47}},"loc":{"start":{"line":116,"column":47},"end":{"line":116,"column":52}}},"12":{"name":"(anonymous_19)","decl":{"start":{"line":124,"column":4},"end":{"line":124,"column":null}},"loc":{"start":{"line":124,"column":4},"end":{"line":125,"column":17}}},"13":{"name":"(anonymous_20)","decl":{"start":{"line":126,"column":8},"end":{"line":126,"column":9}},"loc":{"start":{"line":126,"column":18},"end":{"line":137,"column":9}}},"14":{"name":"(anonymous_21)","decl":{"start":{"line":127,"column":35},"end":{"line":127,"column":36}},"loc":{"start":{"line":127,"column":48},"end":{"line":134,"column":11}}},"15":{"name":"(anonymous_22)","decl":{"start":{"line":135,"column":22},"end":{"line":135,"column":23}},"loc":{"start":{"line":135,"column":22},"end":{"line":135,"column":54}}},"16":{"name":"(anonymous_23)","decl":{"start":{"line":143,"column":12},"end":{"line":143,"column":null}},"loc":{"start":{"line":143,"column":12},"end":{"line":149,"column":3}}},"17":{"name":"(anonymous_24)","decl":{"start":{"line":160,"column":22},"end":{"line":160,"column":51}},"loc":{"start":{"line":160,"column":22},"end":{"line":160,"column":null}}},"18":{"name":"(anonymous_25)","decl":{"start":{"line":160,"column":73},"end":{"line":160,"column":null}},"loc":{"start":{"line":161,"column":23},"end":{"line":163,"column":8}}},"19":{"name":"(anonymous_26)","decl":{"start":{"line":164,"column":11},"end":{"line":164,"column":17}},"loc":{"start":{"line":164,"column":17},"end":{"line":179,"column":5}}}},"branchMap":{"0":{"loc":{"start":{"line":18,"column":4},"end":{"line":24,"column":6}},"type":"binary-expr","locations":[{"start":{"line":18,"column":4},"end":{"line":24,"column":6}},{"start":{"line":24,"column":6},"end":{"line":24,"column":null}}]},"1":{"loc":{"start":{"line":20,"column":10},"end":{"line":20,"column":22}},"type":"binary-expr","locations":[{"start":{"line":20,"column":10},"end":{"line":20,"column":22}},{"start":{"line":20,"column":26},"end":{"line":20,"column":46}}]},"2":{"loc":{"start":{"line":82,"column":2},"end":{"line":82,"column":null}},"type":"if","locations":[{"start":{"line":82,"column":2},"end":{"line":82,"column":null}},{"start":{"line":82,"column":2},"end":{"line":82,"column":null}}]},"3":{"loc":{"start":{"line":132,"column":12},"end":{"line":132,"column":35}},"type":"binary-expr","locations":[{"start":{"line":132,"column":12},"end":{"line":132,"column":35}},{"start":{"line":132,"column":39},"end":{"line":132,"column":55}}]},"4":{"loc":{"start":{"line":144,"column":8},"end":{"line":144,"column":18}},"type":"binary-expr","locations":[{"start":{"line":144,"column":8},"end":{"line":144,"column":18}},{"start":{"line":144,"column":22},"end":{"line":144,"column":39}},{"start":{"line":144,"column":43},"end":{"line":144,"column":61}}]},"5":{"loc":{"start":{"line":165,"column":6},"end":{"line":165,"column":null}},"type":"if","locations":[{"start":{"line":165,"column":6},"end":{"line":165,"column":null}},{"start":{"line":165,"column":6},"end":{"line":165,"column":null}}]}},"s":{"0":1,"1":1,"2":1,"3":1,"4":1,"5":1,"6":5,"7":0,"8":0,"9":0,"10":5,"11":5,"12":5,"13":8,"14":8,"15":1,"16":1,"17":23,"18":23,"19":23,"20":23,"21":23,"22":23,"23":23,"24":5,"25":16,"26":23,"27":23,"28":23,"29":23,"30":5,"31":5,"32":5,"33":5,"34":10,"35":5,"36":10,"37":5,"38":5,"39":10,"40":23,"41":23,"42":5,"43":35,"44":8,"45":8,"46":8,"47":8,"48":35,"49":20,"50":8,"51":35,"52":23,"53":8,"54":8,"55":8,"56":23,"57":1,"58":1,"59":35,"60":10,"61":10,"62":16,"63":0,"64":16,"65":16,"66":8,"67":8,"68":2,"69":6},"f":{"0":1,"1":5,"2":0,"3":13,"4":23,"5":5,"6":16,"7":5,"8":10,"9":10,"10":5,"11":10,"12":5,"13":35,"14":8,"15":8,"16":21,"17":10,"18":10,"19":16},"b":{"0":[5,5],"1":[0,0],"2":[0,23],"3":[8,8],"4":[21,8,8],"5":[0,16]}}
}
