TN:
SF:/Users/admin/Code/repos/useEpics/src/index.ts
FN:13,(anonymous_7)
FN:17,StateObservable
FN:18,(anonymous_9)
FN:28,(anonymous_10)
FN:79,useEpics
FN:89,(anonymous_12)
FN:90,(anonymous_13)
FN:97,(anonymous_14)
FN:106,(anonymous_15)
FN:114,(anonymous_16)
FN:116,(anonymous_17)
FN:116,(anonymous_18)
FN:124,(anonymous_19)
FN:126,(anonymous_20)
FN:127,(anonymous_21)
FN:135,(anonymous_22)
FN:143,(anonymous_23)
FN:160,(anonymous_24)
FN:160,(anonymous_25)
FN:164,(anonymous_26)
FNF:20
FNH:19
FNDA:1,(anonymous_7)
FNDA:5,StateObservable
FNDA:0,(anonymous_9)
FNDA:13,(anonymous_10)
FNDA:23,useEpics
FNDA:5,(anonymous_12)
FNDA:16,(anonymous_13)
FNDA:5,(anonymous_14)
FNDA:10,(anonymous_15)
FNDA:10,(anonymous_16)
FNDA:5,(anonymous_17)
FNDA:10,(anonymous_18)
FNDA:5,(anonymous_19)
FNDA:35,(anonymous_20)
FNDA:8,(anonymous_21)
FNDA:8,(anonymous_22)
FNDA:21,(anonymous_23)
FNDA:10,(anonymous_24)
FNDA:10,(anonymous_25)
FNDA:16,(anonymous_26)
DA:1,1
DA:2,1
DA:9,1
DA:10,1
DA:13,1
DA:18,5
DA:19,0
DA:21,0
DA:23,0
DA:26,5
DA:27,5
DA:28,5
DA:30,8
DA:31,8
DA:35,1
DA:79,1
DA:82,23
DA:84,23
DA:85,23
DA:86,23
DA:89,23
DA:90,5
DA:91,16
DA:95,23
DA:97,23
DA:98,5
DA:102,5
DA:104,5
DA:106,5
DA:107,10
DA:114,10
DA:116,10
DA:119,23
DA:123,23
DA:125,5
DA:127,35
DA:128,8
DA:129,8
DA:132,8
DA:133,8
DA:135,35
DA:136,35
DA:143,23
DA:145,8
DA:146,8
DA:147,8
DA:151,23
DA:160,35
DA:163,10
DA:165,16
DA:166,16
DA:167,16
DA:170,8
DA:172,8
DA:174,2
DA:178,6
LF:56
LH:53
BRDA:18,0,0,5
BRDA:18,0,1,5
BRDA:20,1,0,0
BRDA:20,1,1,0
BRDA:82,2,0,0
BRDA:82,2,1,23
BRDA:132,3,0,8
BRDA:132,3,1,8
BRDA:144,4,0,21
BRDA:144,4,1,8
BRDA:144,4,2,8
BRDA:165,5,0,0
BRDA:165,5,1,16
BRF:13
BRH:9
end_of_record
