TN:
SF:/Users/admin/Code/repos/useEpics/src/index.ts
FN:13,(anonymous_6)
FN:17,StateObservable
FN:18,(anonymous_8)
FN:28,(anonymous_9)
FN:79,useEpics
FN:89,(anonymous_11)
FN:90,(anonymous_12)
FN:97,(anonymous_13)
FN:108,(anonymous_14)
FN:116,(anonymous_15)
FN:118,(anonymous_16)
FN:118,(anonymous_17)
FN:126,(anonymous_18)
FN:128,(anonymous_19)
FN:129,(anonymous_20)
FN:137,(anonymous_21)
FN:145,(anonymous_22)
FN:162,(anonymous_23)
FN:162,(anonymous_24)
FN:166,(anonymous_25)
FNF:20
FNH:0
FNDA:0,(anonymous_6)
FNDA:0,StateObservable
FNDA:0,(anonymous_8)
FNDA:0,(anonymous_9)
FNDA:0,useEpics
FNDA:0,(anonymous_11)
FNDA:0,(anonymous_12)
FNDA:0,(anonymous_13)
FNDA:0,(anonymous_14)
FNDA:0,(anonymous_15)
FNDA:0,(anonymous_16)
FNDA:0,(anonymous_17)
FNDA:0,(anonymous_18)
FNDA:0,(anonymous_19)
FNDA:0,(anonymous_20)
FNDA:0,(anonymous_21)
FNDA:0,(anonymous_22)
FNDA:0,(anonymous_23)
FNDA:0,(anonymous_24)
FNDA:0,(anonymous_25)
DA:1,0
DA:2,0
DA:9,0
DA:10,0
DA:13,0
DA:18,0
DA:19,0
DA:21,0
DA:23,0
DA:26,0
DA:27,0
DA:28,0
DA:30,0
DA:31,0
DA:35,0
DA:79,0
DA:82,0
DA:84,0
DA:85,0
DA:86,0
DA:89,0
DA:90,0
DA:91,0
DA:95,0
DA:97,0
DA:98,0
DA:102,0
DA:106,0
DA:108,0
DA:109,0
DA:116,0
DA:118,0
DA:121,0
DA:125,0
DA:127,0
DA:129,0
DA:130,0
DA:131,0
DA:134,0
DA:135,0
DA:137,0
DA:138,0
DA:145,0
DA:147,0
DA:148,0
DA:149,0
DA:153,0
DA:162,0
DA:165,0
DA:167,0
DA:168,0
DA:169,0
DA:172,0
DA:174,0
DA:176,0
DA:180,0
LF:56
LH:0
BRDA:18,0,0,0
BRDA:18,0,1,0
BRDA:20,1,0,0
BRDA:20,1,1,0
BRDA:82,2,0,0
BRDA:82,2,1,0
BRDA:134,3,0,0
BRDA:134,3,1,0
BRDA:146,4,0,0
BRDA:146,4,1,0
BRDA:146,4,2,0
BRDA:167,5,0,0
BRDA:167,5,1,0
BRF:13
BRH:0
end_of_record
